<?xml version="1.0" encoding="UTF-8"?>
<testsuite xmlns:xsi="http://www.w3.org/2001/XMLSchema-instance" xsi:noNamespaceSchemaLocation="https://maven.apache.org/surefire/maven-surefire-plugin/xsd/surefire-test-report.xsd" version="3.0.2" name="com.travelplatform.backend.repository.UserRepositoryTest" time="7.072" tests="2" errors="0" skipped="0" failures="0">
  <properties>
    <property name="java.specification.version" value="17"/>
    <property name="sun.jnu.encoding" value="UTF-8"/>
    <property name="java.class.path" value="/home/kepelbaum/repos/travel-platform/backend/target/test-classes:/home/kepelbaum/repos/travel-platform/backend/target/classes:/home/kepelbaum/.m2/repository/org/springframework/boot/spring-boot-starter-data-jpa/3.5.3/spring-boot-starter-data-jpa-3.5.3.jar:/home/kepelbaum/.m2/repository/org/springframework/boot/spring-boot-starter/3.5.3/spring-boot-starter-3.5.3.jar:/home/kepelbaum/.m2/repository/org/springframework/boot/spring-boot-starter-logging/3.5.3/spring-boot-starter-logging-3.5.3.jar:/home/kepelbaum/.m2/repository/ch/qos/logback/logback-classic/1.5.18/logback-classic-1.5.18.jar:/home/kepelbaum/.m2/repository/ch/qos/logback/logback-core/1.5.18/logback-core-1.5.18.jar:/home/kepelbaum/.m2/repository/org/apache/logging/log4j/log4j-to-slf4j/2.24.3/log4j-to-slf4j-2.24.3.jar:/home/kepelbaum/.m2/repository/org/apache/logging/log4j/log4j-api/2.24.3/log4j-api-2.24.3.jar:/home/kepelbaum/.m2/repository/org/slf4j/jul-to-slf4j/2.0.17/jul-to-slf4j-2.0.17.jar:/home/kepelbaum/.m2/repository/jakarta/annotation/jakarta.annotation-api/2.1.1/jakarta.annotation-api-2.1.1.jar:/home/kepelbaum/.m2/repository/org/yaml/snakeyaml/2.4/snakeyaml-2.4.jar:/home/kepelbaum/.m2/repository/org/springframework/boot/spring-boot-starter-jdbc/3.5.3/spring-boot-starter-jdbc-3.5.3.jar:/home/kepelbaum/.m2/repository/com/zaxxer/HikariCP/6.3.0/HikariCP-6.3.0.jar:/home/kepelbaum/.m2/repository/org/springframework/spring-jdbc/6.2.8/spring-jdbc-6.2.8.jar:/home/kepelbaum/.m2/repository/org/hibernate/orm/hibernate-core/6.6.18.Final/hibernate-core-6.6.18.Final.jar:/home/kepelbaum/.m2/repository/jakarta/persistence/jakarta.persistence-api/3.1.0/jakarta.persistence-api-3.1.0.jar:/home/kepelbaum/.m2/repository/jakarta/transaction/jakarta.transaction-api/2.0.1/jakarta.transaction-api-2.0.1.jar:/home/kepelbaum/.m2/repository/org/jboss/logging/jboss-logging/3.6.1.Final/jboss-logging-3.6.1.Final.jar:/home/kepelbaum/.m2/repository/org/hibernate/common/hibernate-commons-annotations/7.0.3.Final/hibernate-commons-annotations-7.0.3.Final.jar:/home/kepelbaum/.m2/repository/io/smallrye/jandex/3.2.0/jandex-3.2.0.jar:/home/kepelbaum/.m2/repository/com/fasterxml/classmate/1.7.0/classmate-1.7.0.jar:/home/kepelbaum/.m2/repository/org/glassfish/jaxb/jaxb-runtime/4.0.5/jaxb-runtime-4.0.5.jar:/home/kepelbaum/.m2/repository/org/glassfish/jaxb/jaxb-core/4.0.5/jaxb-core-4.0.5.jar:/home/kepelbaum/.m2/repository/org/eclipse/angus/angus-activation/2.0.2/angus-activation-2.0.2.jar:/home/kepelbaum/.m2/repository/org/glassfish/jaxb/txw2/4.0.5/txw2-4.0.5.jar:/home/kepelbaum/.m2/repository/com/sun/istack/istack-commons-runtime/4.1.2/istack-commons-runtime-4.1.2.jar:/home/kepelbaum/.m2/repository/jakarta/inject/jakarta.inject-api/2.0.1/jakarta.inject-api-2.0.1.jar:/home/kepelbaum/.m2/repository/org/antlr/antlr4-runtime/4.13.0/antlr4-runtime-4.13.0.jar:/home/kepelbaum/.m2/repository/org/springframework/data/spring-data-jpa/3.5.1/spring-data-jpa-3.5.1.jar:/home/kepelbaum/.m2/repository/org/springframework/data/spring-data-commons/3.5.1/spring-data-commons-3.5.1.jar:/home/kepelbaum/.m2/repository/org/springframework/spring-orm/6.2.8/spring-orm-6.2.8.jar:/home/kepelbaum/.m2/repository/org/springframework/spring-context/6.2.8/spring-context-6.2.8.jar:/home/kepelbaum/.m2/repository/org/springframework/spring-tx/6.2.8/spring-tx-6.2.8.jar:/home/kepelbaum/.m2/repository/org/springframework/spring-beans/6.2.8/spring-beans-6.2.8.jar:/home/kepelbaum/.m2/repository/org/slf4j/slf4j-api/2.0.17/slf4j-api-2.0.17.jar:/home/kepelbaum/.m2/repository/org/springframework/spring-aspects/6.2.8/spring-aspects-6.2.8.jar:/home/kepelbaum/.m2/repository/org/aspectj/aspectjweaver/1.9.24/aspectjweaver-1.9.24.jar:/home/kepelbaum/.m2/repository/org/springframework/boot/spring-boot-starter-security/3.5.3/spring-boot-starter-security-3.5.3.jar:/home/kepelbaum/.m2/repository/org/springframework/spring-aop/6.2.8/spring-aop-6.2.8.jar:/home/kepelbaum/.m2/repository/org/springframework/security/spring-security-config/6.5.1/spring-security-config-6.5.1.jar:/home/kepelbaum/.m2/repository/org/springframework/security/spring-security-web/6.5.1/spring-security-web-6.5.1.jar:/home/kepelbaum/.m2/repository/org/springframework/spring-expression/6.2.8/spring-expression-6.2.8.jar:/home/kepelbaum/.m2/repository/org/springframework/boot/spring-boot-starter-validation/3.5.3/spring-boot-starter-validation-3.5.3.jar:/home/kepelbaum/.m2/repository/org/apache/tomcat/embed/tomcat-embed-el/10.1.42/tomcat-embed-el-10.1.42.jar:/home/kepelbaum/.m2/repository/org/hibernate/validator/hibernate-validator/8.0.2.Final/hibernate-validator-8.0.2.Final.jar:/home/kepelbaum/.m2/repository/jakarta/validation/jakarta.validation-api/3.0.2/jakarta.validation-api-3.0.2.jar:/home/kepelbaum/.m2/repository/org/springframework/boot/spring-boot-starter-web/3.5.3/spring-boot-starter-web-3.5.3.jar:/home/kepelbaum/.m2/repository/org/springframework/boot/spring-boot-starter-json/3.5.3/spring-boot-starter-json-3.5.3.jar:/home/kepelbaum/.m2/repository/com/fasterxml/jackson/datatype/jackson-datatype-jdk8/2.19.1/jackson-datatype-jdk8-2.19.1.jar:/home/kepelbaum/.m2/repository/com/fasterxml/jackson/datatype/jackson-datatype-jsr310/2.19.1/jackson-datatype-jsr310-2.19.1.jar:/home/kepelbaum/.m2/repository/com/fasterxml/jackson/module/jackson-module-parameter-names/2.19.1/jackson-module-parameter-names-2.19.1.jar:/home/kepelbaum/.m2/repository/org/springframework/boot/spring-boot-starter-tomcat/3.5.3/spring-boot-starter-tomcat-3.5.3.jar:/home/kepelbaum/.m2/repository/org/apache/tomcat/embed/tomcat-embed-core/10.1.42/tomcat-embed-core-10.1.42.jar:/home/kepelbaum/.m2/repository/org/apache/tomcat/embed/tomcat-embed-websocket/10.1.42/tomcat-embed-websocket-10.1.42.jar:/home/kepelbaum/.m2/repository/org/springframework/spring-web/6.2.8/spring-web-6.2.8.jar:/home/kepelbaum/.m2/repository/org/springframework/spring-webmvc/6.2.8/spring-webmvc-6.2.8.jar:/home/kepelbaum/.m2/repository/org/springframework/boot/spring-boot-devtools/3.5.3/spring-boot-devtools-3.5.3.jar:/home/kepelbaum/.m2/repository/org/springframework/boot/spring-boot/3.5.3/spring-boot-3.5.3.jar:/home/kepelbaum/.m2/repository/org/springframework/boot/spring-boot-autoconfigure/3.5.3/spring-boot-autoconfigure-3.5.3.jar:/home/kepelbaum/.m2/repository/org/postgresql/postgresql/42.7.7/postgresql-42.7.7.jar:/home/kepelbaum/.m2/repository/org/checkerframework/checker-qual/3.49.3/checker-qual-3.49.3.jar:/home/kepelbaum/.m2/repository/org/springframework/boot/spring-boot-starter-test/3.5.3/spring-boot-starter-test-3.5.3.jar:/home/kepelbaum/.m2/repository/org/springframework/boot/spring-boot-test/3.5.3/spring-boot-test-3.5.3.jar:/home/kepelbaum/.m2/repository/org/springframework/boot/spring-boot-test-autoconfigure/3.5.3/spring-boot-test-autoconfigure-3.5.3.jar:/home/kepelbaum/.m2/repository/com/jayway/jsonpath/json-path/2.9.0/json-path-2.9.0.jar:/home/kepelbaum/.m2/repository/jakarta/xml/bind/jakarta.xml.bind-api/4.0.2/jakarta.xml.bind-api-4.0.2.jar:/home/kepelbaum/.m2/repository/jakarta/activation/jakarta.activation-api/2.1.3/jakarta.activation-api-2.1.3.jar:/home/kepelbaum/.m2/repository/net/minidev/json-smart/2.5.2/json-smart-2.5.2.jar:/home/kepelbaum/.m2/repository/net/minidev/accessors-smart/2.5.2/accessors-smart-2.5.2.jar:/home/kepelbaum/.m2/repository/org/ow2/asm/asm/9.7.1/asm-9.7.1.jar:/home/kepelbaum/.m2/repository/org/awaitility/awaitility/4.2.2/awaitility-4.2.2.jar:/home/kepelbaum/.m2/repository/org/hamcrest/hamcrest/3.0/hamcrest-3.0.jar:/home/kepelbaum/.m2/repository/org/mockito/mockito-core/5.17.0/mockito-core-5.17.0.jar:/home/kepelbaum/.m2/repository/net/bytebuddy/byte-buddy-agent/1.17.6/byte-buddy-agent-1.17.6.jar:/home/kepelbaum/.m2/repository/org/objenesis/objenesis/3.3/objenesis-3.3.jar:/home/kepelbaum/.m2/repository/org/mockito/mockito-junit-jupiter/5.17.0/mockito-junit-jupiter-5.17.0.jar:/home/kepelbaum/.m2/repository/org/skyscreamer/jsonassert/1.5.3/jsonassert-1.5.3.jar:/home/kepelbaum/.m2/repository/com/vaadin/external/google/android-json/0.0.20131108.vaadin1/android-json-0.0.20131108.vaadin1.jar:/home/kepelbaum/.m2/repository/org/springframework/spring-core/6.2.8/spring-core-6.2.8.jar:/home/kepelbaum/.m2/repository/org/springframework/spring-jcl/6.2.8/spring-jcl-6.2.8.jar:/home/kepelbaum/.m2/repository/org/springframework/spring-test/6.2.8/spring-test-6.2.8.jar:/home/kepelbaum/.m2/repository/org/xmlunit/xmlunit-core/2.10.2/xmlunit-core-2.10.2.jar:/home/kepelbaum/.m2/repository/org/springframework/security/spring-security-test/6.5.1/spring-security-test-6.5.1.jar:/home/kepelbaum/.m2/repository/org/springframework/security/spring-security-core/6.5.1/spring-security-core-6.5.1.jar:/home/kepelbaum/.m2/repository/org/junit/jupiter/junit-jupiter/5.12.2/junit-jupiter-5.12.2.jar:/home/kepelbaum/.m2/repository/org/junit/jupiter/junit-jupiter-api/5.12.2/junit-jupiter-api-5.12.2.jar:/home/kepelbaum/.m2/repository/org/opentest4j/opentest4j/1.3.0/opentest4j-1.3.0.jar:/home/kepelbaum/.m2/repository/org/junit/platform/junit-platform-commons/1.12.2/junit-platform-commons-1.12.2.jar:/home/kepelbaum/.m2/repository/org/apiguardian/apiguardian-api/1.1.2/apiguardian-api-1.1.2.jar:/home/kepelbaum/.m2/repository/org/junit/jupiter/junit-jupiter-params/5.12.2/junit-jupiter-params-5.12.2.jar:/home/kepelbaum/.m2/repository/org/junit/jupiter/junit-jupiter-engine/5.12.2/junit-jupiter-engine-5.12.2.jar:/home/kepelbaum/.m2/repository/org/junit/platform/junit-platform-engine/1.12.2/junit-platform-engine-1.12.2.jar:/home/kepelbaum/.m2/repository/org/assertj/assertj-core/3.27.3/assertj-core-3.27.3.jar:/home/kepelbaum/.m2/repository/net/bytebuddy/byte-buddy/1.17.6/byte-buddy-1.17.6.jar:/home/kepelbaum/.m2/repository/com/h2database/h2/2.3.232/h2-2.3.232.jar:/home/kepelbaum/.m2/repository/org/springframework/boot/spring-boot-starter-actuator/3.5.3/spring-boot-starter-actuator-3.5.3.jar:/home/kepelbaum/.m2/repository/org/springframework/boot/spring-boot-actuator-autoconfigure/3.5.3/spring-boot-actuator-autoconfigure-3.5.3.jar:/home/kepelbaum/.m2/repository/org/springframework/boot/spring-boot-actuator/3.5.3/spring-boot-actuator-3.5.3.jar:/home/kepelbaum/.m2/repository/io/micrometer/micrometer-observation/1.15.1/micrometer-observation-1.15.1.jar:/home/kepelbaum/.m2/repository/io/micrometer/micrometer-commons/1.15.1/micrometer-commons-1.15.1.jar:/home/kepelbaum/.m2/repository/io/micrometer/micrometer-jakarta9/1.15.1/micrometer-jakarta9-1.15.1.jar:/home/kepelbaum/.m2/repository/io/micrometer/micrometer-core/1.15.1/micrometer-core-1.15.1.jar:/home/kepelbaum/.m2/repository/org/hdrhistogram/HdrHistogram/2.2.2/HdrHistogram-2.2.2.jar:/home/kepelbaum/.m2/repository/org/latencyutils/LatencyUtils/2.0.3/LatencyUtils-2.0.3.jar:/home/kepelbaum/.m2/repository/io/jsonwebtoken/jjwt-api/0.11.5/jjwt-api-0.11.5.jar:/home/kepelbaum/.m2/repository/io/jsonwebtoken/jjwt-impl/0.11.5/jjwt-impl-0.11.5.jar:/home/kepelbaum/.m2/repository/io/jsonwebtoken/jjwt-jackson/0.11.5/jjwt-jackson-0.11.5.jar:/home/kepelbaum/.m2/repository/com/fasterxml/jackson/core/jackson-databind/2.19.1/jackson-databind-2.19.1.jar:/home/kepelbaum/.m2/repository/com/fasterxml/jackson/core/jackson-annotations/2.19.1/jackson-annotations-2.19.1.jar:/home/kepelbaum/.m2/repository/com/fasterxml/jackson/core/jackson-core/2.19.1/jackson-core-2.19.1.jar:/home/kepelbaum/.m2/repository/org/springframework/security/spring-security-crypto/6.5.1/spring-security-crypto-6.5.1.jar:"/>
    <property name="java.vm.vendor" value="Ubuntu"/>
    <property name="sun.arch.data.model" value="64"/>
    <property name="java.vendor.url" value="https://ubuntu.com/"/>
    <property name="user.timezone" value="America/New_York"/>
    <property name="org.jboss.logging.provider" value="slf4j"/>
    <property name="os.name" value="Linux"/>
    <property name="java.vm.specification.version" value="17"/>
    <property name="APPLICATION_NAME" value="Travel Platform"/>
    <property name="sun.java.launcher" value="SUN_STANDARD"/>
    <property name="user.country" value="US"/>
    <property name="sun.boot.library.path" value="/usr/lib/jvm/java-17-openjdk-amd64/lib"/>
    <property name="sun.java.command" value="/home/kepelbaum/repos/travel-platform/backend/target/surefire/surefirebooter-20250902181930747_3.jar /home/kepelbaum/repos/travel-platform/backend/target/surefire 2025-09-02T18-19-30_613-jvmRun1 surefire-20250902181930747_1tmp surefire_0-20250902181930747_2tmp"/>
    <property name="jdk.debug" value="release"/>
    <property name="surefire.test.class.path" value="/home/kepelbaum/repos/travel-platform/backend/target/test-classes:/home/kepelbaum/repos/travel-platform/backend/target/classes:/home/kepelbaum/.m2/repository/org/springframework/boot/spring-boot-starter-data-jpa/3.5.3/spring-boot-starter-data-jpa-3.5.3.jar:/home/kepelbaum/.m2/repository/org/springframework/boot/spring-boot-starter/3.5.3/spring-boot-starter-3.5.3.jar:/home/kepelbaum/.m2/repository/org/springframework/boot/spring-boot-starter-logging/3.5.3/spring-boot-starter-logging-3.5.3.jar:/home/kepelbaum/.m2/repository/ch/qos/logback/logback-classic/1.5.18/logback-classic-1.5.18.jar:/home/kepelbaum/.m2/repository/ch/qos/logback/logback-core/1.5.18/logback-core-1.5.18.jar:/home/kepelbaum/.m2/repository/org/apache/logging/log4j/log4j-to-slf4j/2.24.3/log4j-to-slf4j-2.24.3.jar:/home/kepelbaum/.m2/repository/org/apache/logging/log4j/log4j-api/2.24.3/log4j-api-2.24.3.jar:/home/kepelbaum/.m2/repository/org/slf4j/jul-to-slf4j/2.0.17/jul-to-slf4j-2.0.17.jar:/home/kepelbaum/.m2/repository/jakarta/annotation/jakarta.annotation-api/2.1.1/jakarta.annotation-api-2.1.1.jar:/home/kepelbaum/.m2/repository/org/yaml/snakeyaml/2.4/snakeyaml-2.4.jar:/home/kepelbaum/.m2/repository/org/springframework/boot/spring-boot-starter-jdbc/3.5.3/spring-boot-starter-jdbc-3.5.3.jar:/home/kepelbaum/.m2/repository/com/zaxxer/HikariCP/6.3.0/HikariCP-6.3.0.jar:/home/kepelbaum/.m2/repository/org/springframework/spring-jdbc/6.2.8/spring-jdbc-6.2.8.jar:/home/kepelbaum/.m2/repository/org/hibernate/orm/hibernate-core/6.6.18.Final/hibernate-core-6.6.18.Final.jar:/home/kepelbaum/.m2/repository/jakarta/persistence/jakarta.persistence-api/3.1.0/jakarta.persistence-api-3.1.0.jar:/home/kepelbaum/.m2/repository/jakarta/transaction/jakarta.transaction-api/2.0.1/jakarta.transaction-api-2.0.1.jar:/home/kepelbaum/.m2/repository/org/jboss/logging/jboss-logging/3.6.1.Final/jboss-logging-3.6.1.Final.jar:/home/kepelbaum/.m2/repository/org/hibernate/common/hibernate-commons-annotations/7.0.3.Final/hibernate-commons-annotations-7.0.3.Final.jar:/home/kepelbaum/.m2/repository/io/smallrye/jandex/3.2.0/jandex-3.2.0.jar:/home/kepelbaum/.m2/repository/com/fasterxml/classmate/1.7.0/classmate-1.7.0.jar:/home/kepelbaum/.m2/repository/org/glassfish/jaxb/jaxb-runtime/4.0.5/jaxb-runtime-4.0.5.jar:/home/kepelbaum/.m2/repository/org/glassfish/jaxb/jaxb-core/4.0.5/jaxb-core-4.0.5.jar:/home/kepelbaum/.m2/repository/org/eclipse/angus/angus-activation/2.0.2/angus-activation-2.0.2.jar:/home/kepelbaum/.m2/repository/org/glassfish/jaxb/txw2/4.0.5/txw2-4.0.5.jar:/home/kepelbaum/.m2/repository/com/sun/istack/istack-commons-runtime/4.1.2/istack-commons-runtime-4.1.2.jar:/home/kepelbaum/.m2/repository/jakarta/inject/jakarta.inject-api/2.0.1/jakarta.inject-api-2.0.1.jar:/home/kepelbaum/.m2/repository/org/antlr/antlr4-runtime/4.13.0/antlr4-runtime-4.13.0.jar:/home/kepelbaum/.m2/repository/org/springframework/data/spring-data-jpa/3.5.1/spring-data-jpa-3.5.1.jar:/home/kepelbaum/.m2/repository/org/springframework/data/spring-data-commons/3.5.1/spring-data-commons-3.5.1.jar:/home/kepelbaum/.m2/repository/org/springframework/spring-orm/6.2.8/spring-orm-6.2.8.jar:/home/kepelbaum/.m2/repository/org/springframework/spring-context/6.2.8/spring-context-6.2.8.jar:/home/kepelbaum/.m2/repository/org/springframework/spring-tx/6.2.8/spring-tx-6.2.8.jar:/home/kepelbaum/.m2/repository/org/springframework/spring-beans/6.2.8/spring-beans-6.2.8.jar:/home/kepelbaum/.m2/repository/org/slf4j/slf4j-api/2.0.17/slf4j-api-2.0.17.jar:/home/kepelbaum/.m2/repository/org/springframework/spring-aspects/6.2.8/spring-aspects-6.2.8.jar:/home/kepelbaum/.m2/repository/org/aspectj/aspectjweaver/1.9.24/aspectjweaver-1.9.24.jar:/home/kepelbaum/.m2/repository/org/springframework/boot/spring-boot-starter-security/3.5.3/spring-boot-starter-security-3.5.3.jar:/home/kepelbaum/.m2/repository/org/springframework/spring-aop/6.2.8/spring-aop-6.2.8.jar:/home/kepelbaum/.m2/repository/org/springframework/security/spring-security-config/6.5.1/spring-security-config-6.5.1.jar:/home/kepelbaum/.m2/repository/org/springframework/security/spring-security-web/6.5.1/spring-security-web-6.5.1.jar:/home/kepelbaum/.m2/repository/org/springframework/spring-expression/6.2.8/spring-expression-6.2.8.jar:/home/kepelbaum/.m2/repository/org/springframework/boot/spring-boot-starter-validation/3.5.3/spring-boot-starter-validation-3.5.3.jar:/home/kepelbaum/.m2/repository/org/apache/tomcat/embed/tomcat-embed-el/10.1.42/tomcat-embed-el-10.1.42.jar:/home/kepelbaum/.m2/repository/org/hibernate/validator/hibernate-validator/8.0.2.Final/hibernate-validator-8.0.2.Final.jar:/home/kepelbaum/.m2/repository/jakarta/validation/jakarta.validation-api/3.0.2/jakarta.validation-api-3.0.2.jar:/home/kepelbaum/.m2/repository/org/springframework/boot/spring-boot-starter-web/3.5.3/spring-boot-starter-web-3.5.3.jar:/home/kepelbaum/.m2/repository/org/springframework/boot/spring-boot-starter-json/3.5.3/spring-boot-starter-json-3.5.3.jar:/home/kepelbaum/.m2/repository/com/fasterxml/jackson/datatype/jackson-datatype-jdk8/2.19.1/jackson-datatype-jdk8-2.19.1.jar:/home/kepelbaum/.m2/repository/com/fasterxml/jackson/datatype/jackson-datatype-jsr310/2.19.1/jackson-datatype-jsr310-2.19.1.jar:/home/kepelbaum/.m2/repository/com/fasterxml/jackson/module/jackson-module-parameter-names/2.19.1/jackson-module-parameter-names-2.19.1.jar:/home/kepelbaum/.m2/repository/org/springframework/boot/spring-boot-starter-tomcat/3.5.3/spring-boot-starter-tomcat-3.5.3.jar:/home/kepelbaum/.m2/repository/org/apache/tomcat/embed/tomcat-embed-core/10.1.42/tomcat-embed-core-10.1.42.jar:/home/kepelbaum/.m2/repository/org/apache/tomcat/embed/tomcat-embed-websocket/10.1.42/tomcat-embed-websocket-10.1.42.jar:/home/kepelbaum/.m2/repository/org/springframework/spring-web/6.2.8/spring-web-6.2.8.jar:/home/kepelbaum/.m2/repository/org/springframework/spring-webmvc/6.2.8/spring-webmvc-6.2.8.jar:/home/kepelbaum/.m2/repository/org/springframework/boot/spring-boot-devtools/3.5.3/spring-boot-devtools-3.5.3.jar:/home/kepelbaum/.m2/repository/org/springframework/boot/spring-boot/3.5.3/spring-boot-3.5.3.jar:/home/kepelbaum/.m2/repository/org/springframework/boot/spring-boot-autoconfigure/3.5.3/spring-boot-autoconfigure-3.5.3.jar:/home/kepelbaum/.m2/repository/org/postgresql/postgresql/42.7.7/postgresql-42.7.7.jar:/home/kepelbaum/.m2/repository/org/checkerframework/checker-qual/3.49.3/checker-qual-3.49.3.jar:/home/kepelbaum/.m2/repository/org/springframework/boot/spring-boot-starter-test/3.5.3/spring-boot-starter-test-3.5.3.jar:/home/kepelbaum/.m2/repository/org/springframework/boot/spring-boot-test/3.5.3/spring-boot-test-3.5.3.jar:/home/kepelbaum/.m2/repository/org/springframework/boot/spring-boot-test-autoconfigure/3.5.3/spring-boot-test-autoconfigure-3.5.3.jar:/home/kepelbaum/.m2/repository/com/jayway/jsonpath/json-path/2.9.0/json-path-2.9.0.jar:/home/kepelbaum/.m2/repository/jakarta/xml/bind/jakarta.xml.bind-api/4.0.2/jakarta.xml.bind-api-4.0.2.jar:/home/kepelbaum/.m2/repository/jakarta/activation/jakarta.activation-api/2.1.3/jakarta.activation-api-2.1.3.jar:/home/kepelbaum/.m2/repository/net/minidev/json-smart/2.5.2/json-smart-2.5.2.jar:/home/kepelbaum/.m2/repository/net/minidev/accessors-smart/2.5.2/accessors-smart-2.5.2.jar:/home/kepelbaum/.m2/repository/org/ow2/asm/asm/9.7.1/asm-9.7.1.jar:/home/kepelbaum/.m2/repository/org/awaitility/awaitility/4.2.2/awaitility-4.2.2.jar:/home/kepelbaum/.m2/repository/org/hamcrest/hamcrest/3.0/hamcrest-3.0.jar:/home/kepelbaum/.m2/repository/org/mockito/mockito-core/5.17.0/mockito-core-5.17.0.jar:/home/kepelbaum/.m2/repository/net/bytebuddy/byte-buddy-agent/1.17.6/byte-buddy-agent-1.17.6.jar:/home/kepelbaum/.m2/repository/org/objenesis/objenesis/3.3/objenesis-3.3.jar:/home/kepelbaum/.m2/repository/org/mockito/mockito-junit-jupiter/5.17.0/mockito-junit-jupiter-5.17.0.jar:/home/kepelbaum/.m2/repository/org/skyscreamer/jsonassert/1.5.3/jsonassert-1.5.3.jar:/home/kepelbaum/.m2/repository/com/vaadin/external/google/android-json/0.0.20131108.vaadin1/android-json-0.0.20131108.vaadin1.jar:/home/kepelbaum/.m2/repository/org/springframework/spring-core/6.2.8/spring-core-6.2.8.jar:/home/kepelbaum/.m2/repository/org/springframework/spring-jcl/6.2.8/spring-jcl-6.2.8.jar:/home/kepelbaum/.m2/repository/org/springframework/spring-test/6.2.8/spring-test-6.2.8.jar:/home/kepelbaum/.m2/repository/org/xmlunit/xmlunit-core/2.10.2/xmlunit-core-2.10.2.jar:/home/kepelbaum/.m2/repository/org/springframework/security/spring-security-test/6.5.1/spring-security-test-6.5.1.jar:/home/kepelbaum/.m2/repository/org/springframework/security/spring-security-core/6.5.1/spring-security-core-6.5.1.jar:/home/kepelbaum/.m2/repository/org/junit/jupiter/junit-jupiter/5.12.2/junit-jupiter-5.12.2.jar:/home/kepelbaum/.m2/repository/org/junit/jupiter/junit-jupiter-api/5.12.2/junit-jupiter-api-5.12.2.jar:/home/kepelbaum/.m2/repository/org/opentest4j/opentest4j/1.3.0/opentest4j-1.3.0.jar:/home/kepelbaum/.m2/repository/org/junit/platform/junit-platform-commons/1.12.2/junit-platform-commons-1.12.2.jar:/home/kepelbaum/.m2/repository/org/apiguardian/apiguardian-api/1.1.2/apiguardian-api-1.1.2.jar:/home/kepelbaum/.m2/repository/org/junit/jupiter/junit-jupiter-params/5.12.2/junit-jupiter-params-5.12.2.jar:/home/kepelbaum/.m2/repository/org/junit/jupiter/junit-jupiter-engine/5.12.2/junit-jupiter-engine-5.12.2.jar:/home/kepelbaum/.m2/repository/org/junit/platform/junit-platform-engine/1.12.2/junit-platform-engine-1.12.2.jar:/home/kepelbaum/.m2/repository/org/assertj/assertj-core/3.27.3/assertj-core-3.27.3.jar:/home/kepelbaum/.m2/repository/net/bytebuddy/byte-buddy/1.17.6/byte-buddy-1.17.6.jar:/home/kepelbaum/.m2/repository/com/h2database/h2/2.3.232/h2-2.3.232.jar:/home/kepelbaum/.m2/repository/org/springframework/boot/spring-boot-starter-actuator/3.5.3/spring-boot-starter-actuator-3.5.3.jar:/home/kepelbaum/.m2/repository/org/springframework/boot/spring-boot-actuator-autoconfigure/3.5.3/spring-boot-actuator-autoconfigure-3.5.3.jar:/home/kepelbaum/.m2/repository/org/springframework/boot/spring-boot-actuator/3.5.3/spring-boot-actuator-3.5.3.jar:/home/kepelbaum/.m2/repository/io/micrometer/micrometer-observation/1.15.1/micrometer-observation-1.15.1.jar:/home/kepelbaum/.m2/repository/io/micrometer/micrometer-commons/1.15.1/micrometer-commons-1.15.1.jar:/home/kepelbaum/.m2/repository/io/micrometer/micrometer-jakarta9/1.15.1/micrometer-jakarta9-1.15.1.jar:/home/kepelbaum/.m2/repository/io/micrometer/micrometer-core/1.15.1/micrometer-core-1.15.1.jar:/home/kepelbaum/.m2/repository/org/hdrhistogram/HdrHistogram/2.2.2/HdrHistogram-2.2.2.jar:/home/kepelbaum/.m2/repository/org/latencyutils/LatencyUtils/2.0.3/LatencyUtils-2.0.3.jar:/home/kepelbaum/.m2/repository/io/jsonwebtoken/jjwt-api/0.11.5/jjwt-api-0.11.5.jar:/home/kepelbaum/.m2/repository/io/jsonwebtoken/jjwt-impl/0.11.5/jjwt-impl-0.11.5.jar:/home/kepelbaum/.m2/repository/io/jsonwebtoken/jjwt-jackson/0.11.5/jjwt-jackson-0.11.5.jar:/home/kepelbaum/.m2/repository/com/fasterxml/jackson/core/jackson-databind/2.19.1/jackson-databind-2.19.1.jar:/home/kepelbaum/.m2/repository/com/fasterxml/jackson/core/jackson-annotations/2.19.1/jackson-annotations-2.19.1.jar:/home/kepelbaum/.m2/repository/com/fasterxml/jackson/core/jackson-core/2.19.1/jackson-core-2.19.1.jar:/home/kepelbaum/.m2/repository/org/springframework/security/spring-security-crypto/6.5.1/spring-security-crypto-6.5.1.jar:"/>
    <property name="sun.cpu.endian" value="little"/>
    <property name="user.home" value="/home/kepelbaum"/>
    <property name="user.language" value="en"/>
    <property name="java.specification.vendor" value="Oracle Corporation"/>
    <property name="java.version.date" value="2025-07-15"/>
    <property name="java.home" value="/usr/lib/jvm/java-17-openjdk-amd64"/>
    <property name="file.separator" value="/"/>
    <property name="basedir" value="/home/kepelbaum/repos/travel-platform/backend"/>
    <property name="java.vm.compressedOopsMode" value="32-bit"/>
    <property name="line.separator" value="&#10;"/>
    <property name="java.specification.name" value="Java Platform API Specification"/>
    <property name="java.vm.specification.vendor" value="Oracle Corporation"/>
    <property name="FILE_LOG_CHARSET" value="UTF-8"/>
    <property name="java.awt.headless" value="true"/>
    <property name="surefire.real.class.path" value="/home/kepelbaum/repos/travel-platform/backend/target/surefire/surefirebooter-20250902181930747_3.jar"/>
    <property name="sun.management.compiler" value="HotSpot 64-Bit Tiered Compilers"/>
    <property name="java.runtime.version" value="17.0.16+8-Ubuntu-0ubuntu124.04.1"/>
    <property name="user.name" value="kepelbaum"/>
    <property name="path.separator" value=":"/>
    <property name="os.version" value="6.8.0-79-generic"/>
    <property name="java.runtime.name" value="OpenJDK Runtime Environment"/>
    <property name="file.encoding" value="UTF-8"/>
    <property name="java.vm.name" value="OpenJDK 64-Bit Server VM"/>
    <property name="localRepository" value="/home/kepelbaum/.m2/repository"/>
    <property name="java.vendor.url.bug" value="https://bugs.launchpad.net/ubuntu/+source/openjdk-17"/>
    <property name="java.io.tmpdir" value="/tmp"/>
    <property name="java.version" value="17.0.16"/>
    <property name="user.dir" value="/home/kepelbaum/repos/travel-platform/backend"/>
    <property name="os.arch" value="amd64"/>
    <property name="java.vm.specification.name" value="Java Virtual Machine Specification"/>
    <property name="PID" value="3335"/>
    <property name="CONSOLE_LOG_CHARSET" value="UTF-8"/>
    <property name="native.encoding" value="UTF-8"/>
    <property name="java.library.path" value="/usr/java/packages/lib:/usr/lib/x86_64-linux-gnu/jni:/lib/x86_64-linux-gnu:/usr/lib/x86_64-linux-gnu:/usr/lib/jni:/lib:/usr/lib"/>
    <property name="java.vm.info" value="mixed mode, sharing"/>
    <property name="java.vendor" value="Ubuntu"/>
    <property name="java.vm.version" value="17.0.16+8-Ubuntu-0ubuntu124.04.1"/>
    <property name="java.specification.maintenance.version" value="1"/>
    <property name="sun.io.unicode.encoding" value="UnicodeLittle"/>
    <property name="java.class.version" value="61.0"/>
    <property name="LOGGED_APPLICATION_NAME" value="[Travel Platform] "/>
  </properties>
  <testcase name="testFindByEmail" classname="com.travelplatform.backend.repository.UserRepositoryTest" time="0.505">
    <system-out><![CDATA[18:19:31.691 [main] INFO org.springframework.test.context.support.AnnotationConfigContextLoaderUtils -- Could not detect default configuration classes for test class [com.travelplatform.backend.repository.UserRepositoryTest]: UserRepositoryTest does not declare any static, non-private, non-final, nested classes annotated with @Configuration.
18:19:31.842 [main] INFO org.springframework.boot.test.context.SpringBootTestContextBootstrapper -- Found @SpringBootConfiguration com.travelplatform.backend.TravelPlatformApplication for test class com.travelplatform.backend.repository.UserRepositoryTest
18:19:31.948 [main] INFO org.springframework.boot.devtools.restart.RestartApplicationListener -- Restart disabled due to context in which it is running

  .   ____          _            __ _ _
 /\\ / ___'_ __ _ _(_)_ __  __ _ \ \ \ \
( ( )\___ | '_ | '_| | '_ \/ _` | \ \ \ \
 \\/  ___)| |_)| | | | | || (_| |  ) ) ) )
  '  |____| .__|_| |_|_| |_\__, | / / / /
 =========|_|==============|___/=/_/_/_/

 :: Spring Boot ::                (v3.5.3)

2025-09-02T18:19:32.401-04:00  INFO 3335 --- [Travel Platform] [           main] c.t.b.repository.UserRepositoryTest      : Starting UserRepositoryTest using Java 17.0.16 with PID 3335 (started by kepelbaum in /home/kepelbaum/repos/travel-platform/backend)
2025-09-02T18:19:32.402-04:00 DEBUG 3335 --- [Travel Platform] [           main] c.t.b.repository.UserRepositoryTest      : Running with Spring Boot v3.5.3, Spring v6.2.8
2025-09-02T18:19:32.402-04:00  INFO 3335 --- [Travel Platform] [           main] c.t.b.repository.UserRepositoryTest      : The following 1 profile is active: "test"
2025-09-02T18:19:32.869-04:00  INFO 3335 --- [Travel Platform] [           main] .s.d.r.c.RepositoryConfigurationDelegate : Bootstrapping Spring Data JPA repositories in DEFAULT mode.
2025-09-02T18:19:33.071-04:00  INFO 3335 --- [Travel Platform] [           main] .s.d.r.c.RepositoryConfigurationDelegate : Finished Spring Data repository scanning in 171 ms. Found 5 JPA repository interfaces.
2025-09-02T18:19:33.143-04:00  INFO 3335 --- [Travel Platform] [           main] beddedDataSourceBeanFactoryPostProcessor : Replacing 'dataSource' DataSource bean with embedded version
2025-09-02T18:19:33.255-04:00  INFO 3335 --- [Travel Platform] [           main] o.s.j.d.e.EmbeddedDatabaseFactory        : Starting embedded database: url='jdbc:h2:mem:322102ce-0248-4448-add7-c066347dc6e0;DB_CLOSE_DELAY=-1;DB_CLOSE_ON_EXIT=false', username='sa'
2025-09-02T18:19:33.634-04:00  INFO 3335 --- [Travel Platform] [           main] o.hibernate.jpa.internal.util.LogHelper  : HHH000204: Processing PersistenceUnitInfo [name: default]
2025-09-02T18:19:33.733-04:00  INFO 3335 --- [Travel Platform] [           main] org.hibernate.Version                    : HHH000412: Hibernate ORM core version 6.6.18.Final
2025-09-02T18:19:33.816-04:00  INFO 3335 --- [Travel Platform] [           main] o.h.c.internal.RegionFactoryInitiator    : HHH000026: Second-level cache disabled
2025-09-02T18:19:34.135-04:00  INFO 3335 --- [Travel Platform] [           main] o.s.o.j.p.SpringPersistenceUnitInfo      : No LoadTimeWeaver setup: ignoring JPA class transformer
2025-09-02T18:19:34.201-04:00  WARN 3335 --- [Travel Platform] [           main] org.hibernate.orm.deprecation            : HHH90000025: H2Dialect does not need to be specified explicitly using 'hibernate.dialect' (remove the property setting and it will be selected by default)
2025-09-02T18:19:34.220-04:00  INFO 3335 --- [Travel Platform] [           main] org.hibernate.orm.connections.pooling    : HHH10001005: Database info:
	Database JDBC URL [Connecting through datasource 'org.springframework.jdbc.datasource.embedded.EmbeddedDatabaseFactory$EmbeddedDataSourceProxy@7493d937']
	Database driver: undefined/unknown
	Database version: 2.3.232
	Autocommit mode: undefined/unknown
	Isolation level: undefined/unknown
	Minimum pool size: undefined/unknown
	Maximum pool size: undefined/unknown
2025-09-02T18:19:35.072-04:00  INFO 3335 --- [Travel Platform] [           main] o.h.e.t.j.p.i.JtaPlatformInitiator       : HHH000489: No JTA platform available (set 'hibernate.transaction.jta.platform' to enable JTA platform integration)
Hibernate: 
    drop table if exists activities cascade 
Hibernate: 
    drop table if exists destinations cascade 
Hibernate: 
    drop table if exists trip_activities cascade 
Hibernate: 
    drop table if exists trip_destinations cascade 
Hibernate: 
    drop table if exists trips cascade 
Hibernate: 
    drop table if exists users cascade 
Hibernate: 
    create table activities (
        duration_minutes integer not null,
        estimated_cost float(53),
        estimated_duration integer,
        is_custom boolean not null,
        latitude numeric(10,7),
        longitude numeric(10,7),
        price_level integer,
        rating numeric(3,2),
        user_ratings_total integer,
        created_at timestamp(6),
        destination_id bigint not null,
        id bigint generated by default as identity,
        updated_at timestamp(6),
        category varchar(100) not null,
        phone varchar(100),
        name varchar(500) not null,
        place_id varchar(500),
        address TEXT,
        description TEXT,
        opening_hours TEXT,
        photo_url TEXT,
        reviews_json TEXT,
        website TEXT,
        primary key (id)
    )
Hibernate: 
    create table destinations (
        latitude numeric(10,7),
        longitude numeric(10,7),
        rating numeric(3,2),
        id bigint generated by default as identity,
        country varchar(255) not null,
        description TEXT,
        image_url varchar(255),
        name varchar(255) not null,
        place_id varchar(255),
        timezone varchar(255),
        primary key (id)
    )
Hibernate: 
    create table trip_activities (
        actual_cost integer,
        custom_estimated_cost float(53),
        duration_minutes integer not null,
        planned_date date not null,
        start_time time(6) not null,
        activity_id bigint,
        created_at timestamp(6),
        id bigint generated by default as identity,
        trip_id bigint not null,
        custom_category varchar(255),
        custom_description TEXT,
        custom_name varchar(255),
        notes TEXT,
        timezone varchar(255),
        primary key (id)
    )
Hibernate: 
    create table trip_destinations (
        destination_id bigint not null,
        trip_id bigint not null
    )
Hibernate: 
    create table trips (
        budget numeric(10,2),
        end_date date not null,
        start_date date not null,
        created_at timestamp(6),
        id bigint generated by default as identity,
        updated_at timestamp(6),
        user_id bigint,
        name varchar(255) not null,
        status enum ('ACTIVE','COMPLETED','DRAFT','PLANNED'),
        primary key (id)
    )
Hibernate: 
    create table users (
        created_at timestamp(6),
        id bigint generated by default as identity,
        updated_at timestamp(6),
        name varchar(100) not null,
        email varchar(255) not null unique,
        password varchar(255) not null,
        preferences TEXT,
        primary key (id)
    )
Hibernate: 
    create index idx_activities_destination_id 
       on activities (destination_id)
Hibernate: 
    create index idx_activities_place_id 
       on activities (place_id)
Hibernate: 
    create index idx_activities_category 
       on activities (category)
Hibernate: 
    create index idx_activities_custom 
       on activities (is_custom)
Hibernate: 
    create index idx_destinations_location 
       on destinations (latitude, longitude)
Hibernate: 
    create index idx_destinations_place_id 
       on destinations (place_id)
Hibernate: 
    create index idx_trip_activities_conflict 
       on trip_activities (trip_id, planned_date, start_time)
Hibernate: 
    create index idx_trip_activities_trip_id 
       on trip_activities (trip_id)
Hibernate: 
    create index idx_trips_user_id 
       on trips (user_id)
Hibernate: 
    create index idx_trips_status 
       on trips (status)
Hibernate: 
    create index idx_trips_dates 
       on trips (start_date, end_date)
Hibernate: 
    create index idx_users_email 
       on users (email)
Hibernate: 
    alter table if exists activities 
       add constraint FK2oooqkhm3kxy3yijondygnl9x 
       foreign key (destination_id) 
       references destinations
Hibernate: 
    alter table if exists trip_activities 
       add constraint FKtjlskwebmswrgjtx0aa5it9o1 
       foreign key (activity_id) 
       references activities
Hibernate: 
    alter table if exists trip_activities 
       add constraint FKk9bhin3j8fpxmbdijhv37sbmh 
       foreign key (trip_id) 
       references trips
Hibernate: 
    alter table if exists trip_destinations 
       add constraint FKq8hf3ky47iisi6ju3ytw3sjjh 
       foreign key (destination_id) 
       references destinations
Hibernate: 
    alter table if exists trip_destinations 
       add constraint FKh3925g6v3srpi0kw4x9k0w8ww 
       foreign key (trip_id) 
       references trips
Hibernate: 
    alter table if exists trips 
       add constraint FK8wb14dx6ed0bpp3planbay88u 
       foreign key (user_id) 
       references users
2025-09-02T18:19:35.135-04:00  INFO 3335 --- [Travel Platform] [           main] j.LocalContainerEntityManagerFactoryBean : Initialized JPA EntityManagerFactory for persistence unit 'default'
2025-09-02T18:19:35.519-04:00  INFO 3335 --- [Travel Platform] [           main] o.s.d.j.r.query.QueryEnhancerFactory     : Hibernate is in classpath; If applicable, HQL parser will be used.
2025-09-02T18:19:38.032-04:00  INFO 3335 --- [Travel Platform] [           main] c.t.b.repository.UserRepositoryTest      : Started UserRepositoryTest in 6.097 seconds (process running for 7.188)
Hibernate: 
    insert 
    into
        users
        (created_at, email, name, password, preferences, updated_at, id) 
    values
        (?, ?, ?, ?, ?, ?, default)
Hibernate: 
    select
        u1_0.id,
        u1_0.created_at,
        u1_0.email,
        u1_0.name,
        u1_0.password,
        u1_0.preferences,
        u1_0.updated_at 
    from
        users u1_0 
    where
        u1_0.email=?
]]></system-out>
  </testcase>
  <testcase name="testExistsByEmail" classname="com.travelplatform.backend.repository.UserRepositoryTest" time="0.011">
    <system-out><![CDATA[Hibernate: 
    insert 
    into
        users
        (created_at, email, name, password, preferences, updated_at, id) 
    values
        (?, ?, ?, ?, ?, ?, default)
Hibernate: 
    select
        u1_0.id 
    from
        users u1_0 
    where
        u1_0.email=? 
    fetch
        first ? rows only
Hibernate: 
    select
        u1_0.id 
    from
        users u1_0 
    where
        u1_0.email=? 
    fetch
        first ? rows only
]]></system-out>
  </testcase>
</testsuite>